
aadhar_card_linking_15_jun_2017_v1.pdf:		 2026-02-04 23:55:13.033996

adoption_of_fino_payments_bank_limited_employee_stock_option_plan_2023_da_v1.pdf:		 2026-02-04 23:56:46.960294

agm_notice_1_v1.pdf:		 2026-02-04 23:56:59.645148

agm_notice_2_v1.pdf:		 2026-02-04 23:57:38.354771

agm_notice_3_v1.pdf:		 2026-02-04 23:58:51.638840

agm_notice_4_v1.pdf:		 2026-02-04 23:59:13.799252

agm_notice_5_v1.pdf:		 2026-02-05 00:01:23.529118

agm_notice_v1.pdf:		 2026-02-05 00:01:25.143039

agm_proceedings_and_date_september_29_2022_29th_october_2022_v1.pdf:		 2026-02-05 00:01:42.976534

agm_proceedings_dated_september_25_2023_25th_september_2023_v1.pdf:		 2026-02-05 00:01:45.791192

agm_proceedings_dated_september_25_2024_25th_september_2024_v1.pdf:		 2026-02-05 00:02:19.541128

agm_transcript_dated_september_30_2022_30th_september_2022_v1.pdf:		 2026-02-05 00:03:01.928053

agm_voting_results_and_scrutinizer_report_dated_september_26_2023_27th_se_v1.pdf:		 2026-02-05 00:03:22.621399

agm_voting_results_and_scrutinizer_report_date_september_30_2022_22nd_oct_v1.pdf:		 2026-02-05 00:03:46.253556

allotment_of_esop_march_2025_4th_march_2025_v1.pdf:		 2026-02-05 00:04:02.733041

agm_voting_results_scrutinizer_report_dated_september_25_2024_25th_septem_v1.pdf:		 2026-02-05 00:04:06.803346

amendment_of_articles_of_association_2nd_february_2023_v1.pdf:		 2026-02-05 00:04:34.133004

annual_return_mgt_7_1_v1.pdf:		 2026-02-05 00:05:13.547999

annual_return_mgt_7_2_v1.pdf:		 2026-02-05 00:05:43.954320

annual_return_mgt_7_4_v1.pdf:		 2026-02-05 00:06:32.396564

annual_return_mgt_7_v1.pdf:		 2026-02-05 00:06:52.730079

annual_secretarial_compliance_report_1_v1.pdf:		 2026-02-05 00:06:59.760227

annual_secretarial_compliance_report_3_v1.pdf:		 2026-02-05 00:07:13.626572

annual_secretarial_compliance_report_2_v1.pdf:		 2026-02-05 00:07:14.359788

annual_secretarial_compliance_report_v1.pdf:		 2026-02-05 00:07:20.707202

appointment_of_chairman_mr_rajat_kumar_jain_11th_august_2023_v1.pdf:		 2026-02-05 00:07:21.068947

appointment_of_chairperson_3rd_september_2022_v1.pdf:		 2026-02-05 00:07:26.160900

appointment_of_chairperson_2nd_november_2022_v1.pdf:		 2026-02-05 00:07:29.471654

appointment_of_director_2nd_june_2022_v1.pdf:		 2026-02-05 00:07:54.917362

appointment_of_director_27th_july_2022_v1.pdf:		 2026-02-05 00:07:58.428661

appointment_of_md_ceo_27th_july_2022_v1.pdf:		 2026-02-05 00:08:07.536122

appointment_of_mrs_anita_sudhir_pai_non_executive_independent_director_11_v1.pdf:		 2026-02-05 00:08:08.852244

appointment_of_mrs_neeta_mukerji_non_executive_independent_director_5th_m_v1.pdf:		 2026-02-05 00:08:14.408916

appointment_of_mr_basavraj_loni_as_company_secretary_compliance_officer_2_v1.pdf:		 2026-02-05 00:08:15.894079

appointment_of_mr_pankaj_kumar_non_executive_nominee_director_12th_april__v1.pdf:		 2026-02-05 00:08:23.772907

appointment_of_nominee_director_31st_october_2022_v1.pdf:		 2026-02-05 00:09:06.353997

appointment_of_secretarial_auditor_30th_july_2025_v1.pdf:		 2026-02-05 00:09:16.194259

appointment_of_statutory_central_auditor_27th_july_2022_v1.pdf:		 2026-02-05 00:09:20.829011

appointment_of_statutory_central_auditor_30th_july_2025_v1.pdf:		 2026-02-05 00:10:23.642665

appointment_of_statutory_central_auditor_2nd_may_2023_v1.pdf:		 2026-02-05 00:10:25.851769

approval_of_rbi_for_appointment_of_mr_rajat_kumar_jain_as_part_time_chair_v1.pdf:		 2026-02-05 00:10:29.107768

approval_of_rbi_reappointment_of_mr_rajat_kumar_jain_part_time_chairperso_v1.pdf:		 2026-02-05 00:10:32.764437

approval_of_reserve_bank_of_india_rbi_for_re_appointment_of_ms_a_p_sanzgi_v1.pdf:		 2026-02-05 00:10:35.039049

april_19_2024_intimation_of_earnings_call_19th_april_2024_v1.pdf:		 2026-02-05 00:10:37.102425

archival_policy_v1.pdf:		 2026-02-05 00:11:31.885849

availability_of_nomination_15_jun_2017_v1.pdf:		 2026-02-05 00:11:37.196605

board_meeting_intimation_q1_fy24_19th_july_2023_v1.pdf:		 2026-02-05 00:12:16.730494

board_meeting_notice_q2_v1.pdf:		 2026-02-05 00:12:23.810967

articles_of_association_v1.pdf:		 2026-02-05 00:12:28.115513

board_meeting_notice_q3_v1.pdf:		 2026-02-05 00:12:29.112496

board_meeting_notice_q4_v1.pdf:		 2026-02-05 00:12:32.279772

board_meeting_q1_v1.pdf:		 2026-02-05 00:12:34.166256

board_meeting_q2_v1.pdf:		 2026-02-05 00:12:41.433397

board_meeting_q2_v1_001.pdf:		 2026-02-05 00:12:51.011133

board_meeting_q3_v1.pdf:		 2026-02-05 00:12:55.528718

board_meeting_q4_v1.pdf:		 2026-02-05 00:12:57.496951

cessation_of_directors_05_05_2022_v1.pdf:		 2026-02-05 00:12:58.919491

cessation_of_mr_avijit_saha_non_executive_nominee_director_2nd_march_2023_v1.pdf:		 2026-02-05 00:13:01.580001

cessation_of_mr_suresh_kumar_jain_non_executive_independent_director_15th_v1.pdf:		 2026-02-05 00:13:03.633429

cessation_of_nominee_director_2nd_november_2022_v1.pdf:		 2026-02-05 00:13:08.648122

change_in_management_31st_may_2024_v1.pdf:		 2026-02-05 00:13:11.045516

change_in_management_appointment_of_chief_compliance_officer_date_2807202_v1.pdf:		 2026-02-05 00:13:53.480623

change_in_management_appointment_of_ms_manjiri_barve_head_hr_csr_29th_jan_v1.pdf:		 2026-02-05 00:13:55.396233

change_in_senior_management_person_30th_december_2024_v1.pdf:		 2026-02-05 00:14:00.723435

clarification_on_media_release_v1.pdf:		 2026-02-05 00:14:01.454859

clarification_on_spurt_in_volume_23rd_november_2022_v1.pdf:		 2026-02-05 00:14:08.241472

closure_of_window_trading_for_the_quarter_ending_december_31_2024_24th_de_v1.pdf:		 2026-02-05 00:14:12.557551

code_of_banks_commitment_to_customers_29_oct_2025_v1.pdf:		 2026-02-05 00:14:49.455216

code_of_conduct_for_members_of_the_board_and_senior_management_v1.pdf:		 2026-02-05 00:14:59.310235

code_of_conduct_to_regulate_monitor_and_report_trading_by_insiders_v1.pdf:		 2026-02-05 00:15:43.281635

code_of_practices_and_procedures_and_procedures_for_fair_disclosure_of_up_v1.pdf:		 2026-02-05 00:15:49.776459

companies_act_compliance_18_nov_2019_v1.pdf:		 2026-02-05 00:16:07.958462

compliance_of_companies_act_2013_18_nov_2019_v1.pdf:		 2026-02-05 00:16:26.879978

compensation_policy_v1.pdf:		 2026-02-05 00:16:54.470967

corporategovernanceq3_v1.pdf:		 2026-02-05 00:17:05.224726

cover_outcome_oct_17_2025_v1.pdf:		 2026-02-05 00:17:06.348228

cover_ptc_rbi_appointment_v1.pdf:		 2026-02-05 00:17:11.986062

cover_settlement_order_v1.pdf:		 2026-02-05 00:17:29.538751

csr_policy_v1.pdf:		 2026-02-05 00:17:56.677924

csr_projects_fy_2023_24_v1.pdf:		 2026-02-05 00:18:03.272020

current_account_schedule_of_charges_wef_12th_jan_2024_v1.pdf:		 2026-02-05 00:18:14.190457

csr_2022_2023_v1.pdf:		 2026-02-05 00:18:23.144963

current_account_schedule_of_charges_wef_13th_may_2025_v1.pdf:		 2026-02-05 00:18:25.626608

current_account_schedule_of_charges_wef_16th_may_2025_v1.pdf:		 2026-02-05 00:18:37.355356

current_account_schedule_of_charges_wef_17th_june_2025_v1.pdf:		 2026-02-05 00:18:41.073382

current_account_schedule_of_charges_wef_1st_may_2024_v1.pdf:		 2026-02-05 00:18:49.958769

current_account_schedule_of_charges_wef_1st_may_2025_v1.pdf:		 2026-02-05 00:19:01.760201

current_account_schedule_of_charges_wef_1st_nov_2025_v1.pdf:		 2026-02-05 00:19:18.972270

current_account_schedule_of_charges_wef_7th_june_2025_v1.pdf:		 2026-02-05 00:19:19.484260

current_account_schedule_of_charges_wef_7th_may_2025_v1.pdf:		 2026-02-05 00:19:30.713562

customer_grievance_policy_29_oct_2025_v1.pdf:		 2026-02-05 00:19:57.364423

customer_suitability_and_appropriateness_29_oct_2025_v1.pdf:		 2026-02-05 00:20:13.327031

dicgc_from_website_26_apr_2019_v1.pdf:		 2026-02-05 00:20:14.395220

disclosure_of_misappropriation_of_funds_cheating_and_forgery_20th_septemb_v1.pdf:		 2026-02-05 00:20:38.425491

disclosure_of_misappropriation_of_funds_cheating_and_forgery_vide_our_let_v1.pdf:		 2026-02-05 00:20:56.100528

disclosure_under_regulation_30_and_30a_read_with_clause_5a_to_para_a_of_part_a_of_schedule_iii_of_sebi_lodr_regulations_2015_14th_august_2023_v1_001.pdf:		 2026-02-05 00:21:15.346196

disclosure_under_regulation_30_and_30a_read_with_clause_5a_to_para_a_of_part_a_of_schedule_iii_of_sebi_lodr_regulations_2015_20th_march_2025_v1_001.pdf:		 2026-02-05 00:21:15.938799

disclosure_under_regulation_30_and_30a_read_with_clause_5a_to_para_a_of_p_v1.pdf:		 2026-02-05 00:21:16.537399

customer_service_policy_29_oct_2025_v1.pdf:		 2026-02-05 00:21:38.131336

disclosure_under_regulation_30_of_the_securities_and_exchange_board_of_in_v1.pdf:		 2026-02-05 00:21:42.514719

dividend_distribution_policy_v1.pdf:		 2026-02-05 00:21:47.451846

do_not_pay_money_to_receive_large_funds_from_abroad_rbi_advisory_15_jun_2_v1.pdf:		 2026-02-05 00:21:50.353017

earnings_call_audio_link_q2fy24_2nd_november_2023_v1.pdf:		 2026-02-05 00:21:52.369227

employee_benefit_scheme_document_v1.pdf:		 2026-02-05 00:22:08.488881

esop_disclosure_as_per_sebi_sbeb_se_regulations_v1.pdf:		 2026-02-05 00:22:41.068878

earnings_call_transcript_q4_v1.pdf:		 2026-02-05 00:22:55.244789

familiarization_programmes_independent_director_fy2022_23_v1.pdf:		 2026-02-05 00:23:06.711695

familiarization_programmes_independent_director_fy2023_24_v1.pdf:		 2026-02-05 00:23:10.705860

familiarization_programmes_independent_director_fy2024_25_v1.pdf:		 2026-02-05 00:23:16.165220

fastag_v1.pdf:		 2026-02-05 00:23:25.343429

evaluation_of_proposal_for_group_corporate_restructuring_date_28072023_28_v1.pdf:		 2026-02-05 00:23:39.157453

financialresults_q1_v1.pdf:		 2026-02-05 00:23:49.627358

financialresultsq1fy24_v1.pdf:		 2026-02-05 00:24:16.407701

financialresults_q3_v1.pdf:		 2026-02-05 00:24:45.257354

financialresults_q4_v1.pdf:		 2026-02-05 00:25:09.196714

financial_results_q2_v1.pdf:		 2026-02-05 00:26:03.039767

financial_results_q2_v1_001.pdf:		 2026-02-05 00:26:08.562602

financial_results_q2_v1_002.pdf:		 2026-02-05 00:26:22.391409

financial_results_q3_v1.pdf:		 2026-02-05 00:26:23.204702

financial_results_q4_v1.pdf:		 2026-02-05 00:26:27.515090

financial_year_2021_v1.pdf:		 2026-02-05 00:26:35.088298

financial_year_2022_v1.pdf:		 2026-02-05 00:30:20.624667

financial_year_2020_v1.pdf:		 2026-02-05 00:32:52.435359

finopay_savings_account_schedule_of_charges_wef_1st_september_2024_v1.pdf:		 2026-02-05 00:33:12.498373

finopay_savings_account_schedule_of_charges_wef_28th_june_2025_v1.pdf:		 2026-02-05 00:33:19.593808

finopay_savings_account_schedule_of_charges_wef_2nd_november_2023_v1.pdf:		 2026-02-05 00:33:26.270369

finopay_savings_account_schedule_of_charges_wef_7th_may_2025_v1.pdf:		 2026-02-05 00:33:32.649999

fino_payments_bank_limited_esg_rating_2025_16th_september_2025_v1.pdf:		 2026-02-05 00:33:52.485289

fino_payments_bank_official_digital_payments_partner_of_the_rajasthan_roy_v1.pdf:		 2026-02-05 00:34:07.937046

fino_payments_bank_renewal_of_association_with_its_official_digital_payme_v1.pdf:		 2026-02-05 00:34:23.817570

fino_payments_bank_to_make_an_investment_v1.pdf:		 2026-02-05 00:34:36.586226

grant_of_license_25th_march_2022_v1.pdf:		 2026-02-05 00:34:46.251398

grant_of_options_under_esop_2020_20th_august_2025_v1.pdf:		 2026-02-05 00:35:37.323162

grant_of_stock_options_under_fino_payments_bank_limited_employee_stock_op_v1.pdf:		 2026-02-05 00:35:52.483944

im_bandhan_amc_v1.pdf:		 2026-02-05 00:35:59.460180

im_mkventures_signed_v1.pdf:		 2026-02-05 00:36:06.262178

im_visaria_v1.pdf:		 2026-02-05 00:36:12.617614

financial_year_2023_v1.pdf:		 2026-02-05 00:36:27.648809

integrated_financial_results_29th_january_2025_v1.pdf:		 2026-02-05 00:36:57.190802

intimation_of_grant_of_esop_11th_january_2024_v1.pdf:		 2026-02-05 00:37:09.654571

increase_in_authorised_share_capital_date_28072023_28th_july_2023_v1.pdf:		 2026-02-05 00:37:14.525396

investor_presentation_q1_v1.pdf:		 2026-02-05 00:38:33.977339

investor_presentation_q2_1_v1.pdf:		 2026-02-05 00:38:57.618528

investor_presentation_q2_v1.pdf:		 2026-02-05 00:40:21.330745

investor_presentation_q4_v1.pdf:		 2026-02-05 00:41:06.374966

memorandum_of_association_v1.pdf:		 2026-02-05 00:41:46.460800

nd_april_2025_3p_investments_managers_private_limited_v1.pdf:		 2026-02-05 00:41:53.920256

nd_august_2025_infinity_alternatives_investment_managers_private_limited_v1.pdf:		 2026-02-05 00:42:00.453387

nd_february_2024_abakkus_asset_manager_llp_v1.pdf:		 2026-02-05 00:42:07.297933

nd_february_2024_fidelity_fund_india_focus_fund_v1.pdf:		 2026-02-05 00:42:13.577995

mgt_7_fy2025_website_v1.pdf:		 2026-02-05 00:42:22.462207

nd_february_2024_motilal_oswal_dynamic_fund_v1.pdf:		 2026-02-05 00:42:27.192900

nd_july_2025_intimation_of_earnings_call_q1fy26_v1.pdf:		 2026-02-05 00:42:34.097622

nd_july_2025_ohm_portfolio_equi_research_pvt_ltd_v1.pdf:		 2026-02-05 00:42:39.254274

nd_june_2023_fpbl_postal_ballot_notice_22052023_v1.pdf:		 2026-02-05 00:43:47.587958

nd_march_2022_axis_mutual_fund_v1.pdf:		 2026-02-05 00:43:51.806221

nd_march_2023_bajaj_finserv_asset_management_limited_v1.pdf:		 2026-02-05 00:43:56.790345

nd_may_2025_bk_securities_15th_annual_investor_conference_trinity_india_2_v1.pdf:		 2026-02-05 00:44:16.399437

nd_november_2021_invesco_mf_elara_capital_v1.pdf:		 2026-02-05 00:44:20.701110

nd_november_2023_emkay_globals_annual_finshift_virtual_digi_banking_finte_v1.pdf:		 2026-02-05 00:44:24.935337

nd_january_2023_postal_ballot_notice_dec_jan_newspaper_publication_v1.pdf:		 2026-02-05 00:46:20.905037

nd_september_2023_annual_return_mgt_7_upload_v1.pdf:		 2026-02-05 00:47:15.291675

nd_september_2023_fino_notice_v1.pdf:		 2026-02-05 00:48:22.978660

nd_september_2024_dolat_capital_mid_small_cap_companies_experts_conferenc_v1.pdf:		 2026-02-05 00:48:49.136962

nd_september_2024_envision_capital_services_private_limited_v1.pdf:		 2026-02-05 00:48:54.214382

nd_september_2024_ventura_securities_limited_v1.pdf:		 2026-02-05 00:48:57.634755

nd_september_2025_ratnatraya_capital_v1.pdf:		 2026-02-05 00:49:02.029142

nd_september_2023_annual_report_v1.pdf:		 2026-02-05 00:52:06.615446

newspaperpublicationfiancialresultsq2fy24_v1.pdf:		 2026-02-05 00:53:13.481334

newspaper_publication_3rd_september_2022_v1.pdf:		 2026-02-05 00:54:40.142367

newspaperpublicationq3_v1.pdf:		 2026-02-05 00:56:52.691593

newspaper_publication_4th_september_2023_v1.pdf:		 2026-02-05 00:58:13.699575

newspaper_publication_8th_annual_general_meeting_30th_august_2024_v1.pdf:		 2026-02-05 01:00:35.647307

newspaper_publication_8th_annual_general_meeting_4th_september_2024_v1.pdf:		 2026-02-05 01:02:50.087607

newspaper_publication_8th_september_2022_v1.pdf:		 2026-02-05 01:05:49.079180

newspaper_publication_9th_annual_general_meeting_4th_august_2025_v1.pdf:		 2026-02-05 01:06:40.796706

newspaper_publication_q1_v1_001.pdf:		 2026-02-05 01:09:21.350413

newspaper_publication_q1_v1.pdf:		 2026-02-05 01:09:41.879990

newspaper_publication_q2_v1_001.pdf:		 2026-02-05 01:10:35.925671

newspaper_signed_q4_v1.pdf:		 2026-02-05 01:12:33.800269

newspaper_publication_q2_v1.pdf:		 2026-02-05 01:12:35.426003

noting_by_rbi_on_increase_in_authorised_share_capital_and_consequent_alte_v1.pdf:		 2026-02-05 01:12:42.514159

order_by_fiu_ind_8th_february_2024_v1.pdf:		 2026-02-05 01:12:45.374826

order_by_gst_department_26th_november_2024_v1.pdf:		 2026-02-05 01:12:51.238691

outcome_of_board_meeting_18th_december_2024_v1.pdf:		 2026-02-05 01:12:58.606654

outcome_of_board_meeting_held_on_march_16_2025_16th_march_2025_v1.pdf:		 2026-02-05 01:13:23.778526

outcome_of_board_meeting_held_on_february_01_2023_2nd_february_2023_v1.pdf:		 2026-02-05 01:13:30.371269

outcome_of_board_meeting_held_on_november_02_2022_2nd_november_2022_v1.pdf:		 2026-02-05 01:13:37.293230

outcome_of_board_meeting_held_on_may_02_2023_2nd_may_2023_v1.pdf:		 2026-02-05 01:14:02.706911

outcome_of_the_board_meeting_held_on_january_11_2024_11th_january_2024_v1.pdf:		 2026-02-05 01:14:14.335428

outcome_of_board_meeting_held_on_october_31_2022_31st_october_2022_v1.pdf:		 2026-02-05 01:14:28.714416

outcome_of_the_board_meeting_held_on_january_29_2025_29th_january_2025_v1.pdf:		 2026-02-05 01:14:37.831786

outcome_of_the_board_meeting_held_on_january_31_2024_30th_january_2024_v1.pdf:		 2026-02-05 01:14:59.544498

outcome_of_the_board_meeting_held_on_july_30_2025_30th_july_2025_v1.pdf:		 2026-02-05 01:15:17.391642

outcome_of_the_board_meeting_held_on_july_31_2024_31st_july_2024_v1.pdf:		 2026-02-05 01:15:29.221792

partnering_with_suryoday_small_finance_bank_as_business_correspondent_v1.pdf:		 2026-02-05 01:15:48.144223

penalty_imposed_by_rbi_20th_june_2025_v1.pdf:		 2026-02-05 01:15:55.474953

outcome_of_the_board_meeting_held_on_october_23_2024_23rd_october_2024_v1.pdf:		 2026-02-05 01:16:01.158786

pillar_iii_disclosure_as_on_december_31_2023_31st_january_2024_v1.pdf:		 2026-02-05 01:16:20.079369

pillar_iii_disclosure_as_on_30_sept_2022_30th_october_2022_v1.pdf:		 2026-02-05 01:17:02.335465

pillar_iii_disclosure_as_on_dec_31_2024_29th_january_2025_v1.pdf:		 2026-02-05 01:17:29.379628

pillar_iii_disclosure_as_on_dec_31_2021_31st_december_2021_v1.pdf:		 2026-02-05 01:17:39.045806

pillar_iii_disclosure_as_on_june_30_2022_30th_june_2022_v1.pdf:		 2026-02-05 01:17:49.657435

pillar_iii_disclosure_as_on_june_30_2023_28th_july_2023_v1.pdf:		 2026-02-05 01:18:41.287041

pillar_iii_disclosure_as_on_june_30_2023_30th_june_2023_v1.pdf:		 2026-02-05 01:18:44.969542

pillar_iii_disclosure_as_on_june_30_2024_31st_july_2024_v1.pdf:		 2026-02-05 01:19:00.132915

pillar_iii_disclosure_as_on_june_30_2025_30th_july_2025_v1.pdf:		 2026-02-05 01:19:08.151689

pillar_iii_disclosure_as_on_march_31_2022_31st_march_2022_v1.pdf:		 2026-02-05 01:20:18.583670

pillar_iii_disclosure_as_on_march_31_2023_23rd_september_2025_v1.pdf:		 2026-02-05 01:20:43.627700

pillar_iii_disclosure_as_on_march_31_2025_28th_april_2025_v1.pdf:		 2026-02-05 01:21:23.205286

pillar_iii_disclosure_as_on_march_31_2024_30th_april_2024_v1.pdf:		 2026-02-05 01:21:31.657863

policy_and_procedure_for_enquiry_in_case_of_leak_of_upsi_v1.pdf:		 2026-02-05 01:22:18.154411

pillar_iii_disclosure_as_on_sep_30_2024_23rd_october_2024_v1.pdf:		 2026-02-05 01:22:38.097449

policy_on_board_diversity_v1.pdf:		 2026-02-05 01:22:56.119734

policy_on_board_performance_and_evaluation_v1.pdf:		 2026-02-05 01:23:23.952850

policy_for_determination_of_materiality_of_events_or_information_v1.pdf:		 2026-02-05 01:23:37.897314

policy_on_familiarization_programme_v1.pdf:		 2026-02-05 01:23:40.490083

policy_on_determination_of_legitimate_purpose_v1.pdf:		 2026-02-05 01:24:03.324131

policy_on_prevention_of_sexual_harassment_at_workplace_v1.pdf:		 2026-02-05 01:24:25.760081

policy_on_related_party_transactions_v1.pdf:		 2026-02-05 01:25:01.650740

postal_ballot_april_may_2025_notice_17th_april_2025_v1.pdf:		 2026-02-05 01:26:03.731350

postal_ballot_january_february_2025notice_15th_january_2025_v1.pdf:		 2026-02-05 01:27:59.021314

postal_ballotmarch_april_newspaper_publication_24th_march_2023_v1.pdf:		 2026-02-05 01:28:28.503220

postal_ballot_march_april_2024_notice_8th_march_2024_v1.pdf:		 2026-02-05 01:30:27.246318

pressrelease_q4_v1.pdf:		 2026-02-05 01:30:44.254651

postal_ballot_notice_march_23_april_23_24th_march_2023_v1.pdf:		 2026-02-05 01:31:08.293378

press_release_q1_v1.pdf:		 2026-02-05 01:31:16.288588

press_release_q2_v1.pdf:		 2026-02-05 01:31:19.654507

product_launch_in_association_with_go_digit_general_insurance_v1.pdf:		 2026-02-05 01:31:23.571354

q1corporategovernancereport_v1.pdf:		 2026-02-05 01:31:45.463590

q1corporategovernancereport_1_v1.pdf:		 2026-02-05 01:31:51.575992

q1earnings_call_v1.pdf:		 2026-02-05 01:32:49.529746

q1_board_meeting_1_v1.pdf:		 2026-02-05 01:33:08.694105

q1_board_meeting_2_v1.pdf:		 2026-02-05 01:33:11.832210

q1_board_meeting_v1.pdf:		 2026-02-05 01:33:16.339099

q1_certificate_under_regulation_745_of_the_sebi_depositories_and_participants_regulations_1_v1_001.pdf:		 2026-02-05 01:33:19.828889

q1_certificate_under_regulation_745_of_the_sebi_depositories_and_participants_regulations_2_v1_001.pdf:		 2026-02-05 01:33:20.426171

q1_certificate_under_regulation_745_of_the_sebi_depositories_and_participants_regulations_v1_001.pdf:		 2026-02-05 01:33:31.147196

q1_certificate_under_regulation_745_of_the_sebi_depositories_and_particip_v1.pdf:		 2026-02-05 01:33:31.660682

q1shareholding_v1.pdf:		 2026-02-05 01:33:49.239544

q1_corporate_governance_1_v1.pdf:		 2026-02-05 01:34:02.692457

q1_corporate_governance_v1.pdf:		 2026-02-05 01:34:19.424310

q1_earnings_call_transcript_v1.pdf:		 2026-02-05 01:34:53.081500

q1_earnings_call_transcript_1_v1.pdf:		 2026-02-05 01:35:06.948815

q1_financial_results_v1.pdf:		 2026-02-05 01:36:03.153134

q1_earnings_call_transcript_v1_001.pdf:		 2026-02-05 01:36:18.583254

q1_financial_results_v1_001.pdf:		 2026-02-05 01:36:29.494493

q1_fy23_closure_of_trading_window_30th_june_2022_v1.pdf:		 2026-02-05 01:36:33.977763

q1_investors_presentation_1_v1.pdf:		 2026-02-05 01:37:50.991747

q1_investors_presentation_v1.pdf:		 2026-02-05 01:38:15.067781

q1_investor_presentation_v1.pdf:		 2026-02-05 01:39:52.636567

q1_press_release_1_v1.pdf:		 2026-02-05 01:40:52.163098

q1_press_release_v1.pdf:		 2026-02-05 01:41:04.092568

q1_newspaper_publication_v1.pdf:		 2026-02-05 01:41:14.450608

q1_press_release_v1_001.pdf:		 2026-02-05 01:41:14.558791

q1_reconciliation_of_share_capital_audit_v1.pdf:		 2026-02-05 01:41:24.736292

q1_reconciliation_of_share_capital_audit_1_v1.pdf:		 2026-02-05 01:41:28.059435

q1_shareholding_patterns_v1.pdf:		 2026-02-05 01:41:37.995555

q1_shareholdingpattern_v1.pdf:		 2026-02-05 01:42:13.043111

q1_shareholding_pattern_v1.pdf:		 2026-02-05 01:42:44.923695

q1_statement_of_deviation_and_variations_v1.pdf:		 2026-02-05 01:42:53.987907

q1_statement_of_deviation_and_variation_1_v1.pdf:		 2026-02-05 01:43:01.485165

q1_statement_of_deviation_and_variation_v1.pdf:		 2026-02-05 01:43:08.908006

q2pr_v1.pdf:		 2026-02-05 01:43:10.029003

q2reconciliationofsharecapitalaudit_v1.pdf:		 2026-02-05 01:43:19.869497

q2_board_meeting_v1.pdf:		 2026-02-05 01:43:37.903643

q2_certificate_under_regulation_745_of_the_sebi_depositories_and_participants_regulations_1_v1_001.pdf:		 2026-02-05 01:43:42.809914

q2_certificate_under_regulation_745_of_the_sebi_depositories_and_participants_regulations_v1_001.pdf:		 2026-02-05 01:43:43.362393

q2_certificate_under_regulation_745_of_the_sebi_depositories_and_particip_v1.pdf:		 2026-02-05 01:43:43.893643

q2_corporategovernancereport_v1.pdf:		 2026-02-05 01:44:06.112137

q2fy22investorpresentation_v1.pdf:		 2026-02-05 01:44:46.637500

q2_corporategovernance_v1.pdf:		 2026-02-05 01:45:04.469856

q2_earningscalltranscript_v1.pdf:		 2026-02-05 01:45:57.951565

q2_earnings_call_v1.pdf:		 2026-02-05 01:47:27.735864

q2_earnings_call_transcript_v1_001.pdf:		 2026-02-05 01:47:51.987782

q2_financial_results_v1.pdf:		 2026-02-05 01:47:55.970001

q2_financial_results_v1_001.pdf:		 2026-02-05 01:48:12.482183

q2_fy22_closure_of_trading_window_12th_november_2021_v1.pdf:		 2026-02-05 01:48:17.146223

q2_fy24_closure_of_trading_window_27th_september_2023_v1.pdf:		 2026-02-05 01:48:23.792806

q2_fy25_closure_of_trading_window_25th_september_2024_v1.pdf:		 2026-02-05 01:48:28.446802

q2_investor_presentation_v1.pdf:		 2026-02-05 01:49:26.361004

q2_investors_presentation_v1.pdf:		 2026-02-05 01:49:48.617368

q2_newspaper_publication_1_v1.pdf:		 2026-02-05 01:51:20.701328

q2_press_release_v1.pdf:		 2026-02-05 01:51:28.824109

q2_press_release_v1_001.pdf:		 2026-02-05 01:51:57.047272

q2_reconciliation_of_share_capital_audit_v1.pdf:		 2026-02-05 01:52:06.023556

q2_related_party_transactions_1_v1.pdf:		 2026-02-05 01:52:17.355132

q2_related_party_transactions_2_v1.pdf:		 2026-02-05 01:52:25.768094

q2_related_party_transactions_3_v1.pdf:		 2026-02-05 01:52:43.047842

q2_related_party_transactions_v1.pdf:		 2026-02-05 01:53:30.942962

q2_newspaper_publication_v1.pdf:		 2026-02-05 01:54:37.127933

q2_shareholderpatten_v1.pdf:		 2026-02-05 01:54:47.753327

q2_shareholdingpattern_v1_001.pdf:		 2026-02-05 01:55:18.789123

q2_statements_of_deviations_and_variations_v1.pdf:		 2026-02-05 01:55:26.451230

q2_statement_of_deviation_and_variation_v1.pdf:		 2026-02-05 01:55:34.061624

q2_shareholdingpattern_v1.pdf:		 2026-02-05 01:56:49.247874

q3corporategovernance_v1.pdf:		 2026-02-05 01:57:10.925456

q3corporategovernance_v1_001.pdf:		 2026-02-05 01:58:04.463992

q3fy22investorpresentation_v1.pdf:		 2026-02-05 01:58:41.507022

q3press_release_v1.pdf:		 2026-02-05 01:58:48.293910

q3reconciliation_v1.pdf:		 2026-02-05 01:58:57.804084

q3shareholdingpattern_v1.pdf:		 2026-02-05 01:59:14.051986

q3_board_meeting_v1.pdf:		 2026-02-05 01:59:31.445185

q3_board_meeting_v1_001.pdf:		 2026-02-05 01:59:36.109240

q3_certificate_under_regulation_745_of_the_sebi_depositories_and_participants_regulations_1_v1_001.pdf:		 2026-02-05 01:59:41.572481

q3_certificate_under_regulation_745_of_the_sebi_depositories_and_participants_regulations_2018_v1_001.pdf:		 2026-02-05 01:59:42.205534

q3_certificate_under_regulation_745_of_the_sebi_depositories_and_participants_regulations_v1_001.pdf:		 2026-02-05 01:59:42.835132

q3_certificate_under_regulation_745_of_the_sebi_depositories_and_particip_v1.pdf:		 2026-02-05 01:59:53.741181

q3_corporate_governance_v1.pdf:		 2026-02-05 02:00:15.091716

q3_deviation_and_variations_v1.pdf:		 2026-02-05 02:00:21.061592

q3fy23shareholdingpattern_v1.pdf:		 2026-02-05 02:00:33.081909

q3_earningscalltranscript_v1.pdf:		 2026-02-05 02:01:20.172387

q3_earnings_call_transcript_v1.pdf:		 2026-02-05 02:02:12.254904

q3_earnings_call_v1.pdf:		 2026-02-05 02:02:53.449113

q3_financial_results_v1.pdf:		 2026-02-05 02:02:54.148478

q3_financial_results_v1_001.pdf:		 2026-02-05 02:03:10.871815

q3_fy22_closure_of_trading_window_31st_december_2021_v1.pdf:		 2026-02-05 02:03:15.418242

q3_fy23_closure_of_trading_window_dated_30th_december_2022_30th_december__v1.pdf:		 2026-02-05 02:03:20.032410

q3_fy22_call_transcript_v1.pdf:		 2026-02-05 02:03:47.770507

q3_investors_presentation_v1_001.pdf:		 2026-02-05 02:05:06.066507

q3_investors_presentation_v1.pdf:		 2026-02-05 02:05:18.018441

q3_investor_presentation_v1.pdf:		 2026-02-05 02:06:31.476401

q3_newspaperpublication_v1.pdf:		 2026-02-05 02:07:39.362899

q3_newspaper_publication_1_v1.pdf:		 2026-02-05 02:09:15.106672

q3_press_release_v1.pdf:		 2026-02-05 02:09:34.465906

q3_newspaper_publication_v1.pdf:		 2026-02-05 02:10:11.521185

q3_press_release_v1_001.pdf:		 2026-02-05 02:10:21.676112

q3_press_release_v1_002.pdf:		 2026-02-05 02:10:23.202187

q3_reconciliation_of_share_capital_audit_1_v1.pdf:		 2026-02-05 02:10:32.431509

q3_reconciliation_of_share_capital_audit_v1.pdf:		 2026-02-05 02:10:36.733065

q3_statement_of_deviation_and_variation_v1.pdf:		 2026-02-05 02:11:12.149873

q3_shareholding_pattern_v1.pdf:		 2026-02-05 02:11:19.452024

q3_statement_of_deviation_and_variation_v1_001.pdf:		 2026-02-05 02:11:23.422288

q4press_release_v1.pdf:		 2026-02-05 02:11:30.560006

q4reconciliationofsharecapital_v1.pdf:		 2026-02-05 02:11:39.955910

q4shareholdingpattern_v1.pdf:		 2026-02-05 02:12:02.683408

q4_annual_secretarial_compliance_report_for_financial_year_24a_v1.pdf:		 2026-02-05 02:12:29.045003

q4_annual_secretarial_compliance_report_for_financial_year_ended_march_31_v1.pdf:		 2026-02-05 02:12:33.534370

q4_annual_secretarial_compliance_report_for_the_financial_year_ended_marc_v1.pdf:		 2026-02-05 02:12:47.134617

q4_board_meeting_v1.pdf:		 2026-02-05 02:12:52.331637

q4_board_meeting_v1_001.pdf:		 2026-02-05 02:12:57.572467

q4corporategovernance_v1.pdf:		 2026-02-05 02:13:20.723941

q4_certificatepursuanttoregulation409and4010ofsebilodr_v1.pdf:		 2026-02-05 02:13:30.722894

q4_call_transcript_v1.pdf:		 2026-02-05 02:13:48.367464

q4_certificateunderregulation745ofthesebilodr_v1.pdf:		 2026-02-05 02:13:53.384281

q4_certificate_pursuant_to_regulation_409_and_4010_of_sebi_listing_obliga_v1.pdf:		 2026-02-05 02:13:58.082201

q4_certificate_pursuant_to_regulation_409_and_4010_of_securities_and_exch_v1.pdf:		 2026-02-05 02:13:59.619460

q4_certificate_under_regulation_745_of_the_sebi_depositories_and_participants_regulations_1_v1_001.pdf:		 2026-02-05 02:14:03.139808

q4_certificate_under_regulation_745_of_the_sebi_depositories_and_particip_v1.pdf:		 2026-02-05 02:14:03.750884

q4_certificate_under_regulation_745_of_the_sebi_depositories_and_participants_regulations_v1_001.pdf:		 2026-02-05 02:14:05.057539

q4_compliance_certificate_pursuant_to_regulation_73_of_sebi_listing_obligations_and_disclosure_requirements_regulations_v1_001.pdf:		 2026-02-05 02:14:11.160708

q4_compliance_certificate_pursuant_to_regulation_73_of_sebi_listing_oblig_v1.pdf:		 2026-02-05 02:14:11.804612

q4_compliance_certificate_pursuant_to_regulation_73_of_sebi_listing_obligation_and_disclosure_requirements_regulations_2015_for_the_financial_year_ended_march_31_2022_v1_001.pdf:		 2026-02-05 02:14:15.617194

q4_corporate_governance_1_v1.pdf:		 2026-02-05 02:15:06.758714

q4_corporate_governance_2_v1.pdf:		 2026-02-05 02:15:22.404004

q4_earnings_call_transcript_v1.pdf:		 2026-02-05 02:16:13.840845

q4_earnings_call_transcript_v1_001.pdf:		 2026-02-05 02:17:07.919389

q4_financial_results_1_v1.pdf:		 2026-02-05 02:17:27.320291

q4_financial_results_v1.pdf:		 2026-02-05 02:18:01.937284

q4_corporate_governance_v1.pdf:		 2026-02-05 02:18:05.003578

q4_fy22_closure_of_trading_window_31st_march_2022_v1.pdf:		 2026-02-05 02:18:09.666329

q4_fy23_closure_of_trading_window_31st_march_2023_v1.pdf:		 2026-02-05 02:18:13.871479

q4_fy24_closure_of_trading_window_22nd_march_2024_v1.pdf:		 2026-02-05 02:18:17.939084

q4_investors_presentation_v1.pdf:		 2026-02-05 02:19:57.193977

q4_investor_presentation_v1.pdf:		 2026-02-05 02:20:07.880690

q4_newspaper_publication_v1.pdf:		 2026-02-05 02:21:31.317988

q4_investor_presentation_v1_001.pdf:		 2026-02-05 02:21:52.769243

q4_press_release_v1.pdf:		 2026-02-05 02:22:00.129119

q4_press_release_v1_001.pdf:		 2026-02-05 02:22:09.072373

q4_reconciliationofsharecapitalauditreport_v1.pdf:		 2026-02-05 02:22:18.225732

q4_relatedpartytransactions_v1.pdf:		 2026-02-05 02:22:45.707025

q4_relatedpartytransaction_v1.pdf:		 2026-02-05 02:22:55.863629

q4_related_party_transactions_v1.pdf:		 2026-02-05 02:23:04.084571

q4_secretrial_compliance_report_under_regulation_24a_v1.pdf:		 2026-02-05 02:23:23.430824

q4_shareholdingpattern_1_v1.pdf:		 2026-02-05 02:24:01.278995

q4_newspaper_publication_v1_001.pdf:		 2026-02-05 02:24:02.258364

q4_shareholdingpattern_v1.pdf:		 2026-02-05 02:24:42.420370

q4_statementofdeviation_v1.pdf:		 2026-02-05 02:24:49.797762

q4_shareholding_patterns_v1.pdf:		 2026-02-05 02:25:15.231294

q4_statement_od_deviation_and_variation_v1.pdf:		 2026-02-05 02:25:22.980058

q4_statement_of_deviation_and_variation_v1.pdf:		 2026-02-05 02:25:27.230250

rbi_approval_for_cross_border_remittance_through_money_transfer_service_s_v1.pdf:		 2026-02-05 02:25:35.828780

rd_august_2023_intimation_of_investors_meet_with_motilal_oswal_19th_annua_v1.pdf:		 2026-02-05 02:25:41.075820

rd_december_2021_credit_suisse_securities_v1.pdf:		 2026-02-05 02:25:46.488877

rd_february_2024_abakkus_asset_manager_llp_v1.pdf:		 2026-02-05 02:25:51.487334

rd_january_2025_motilal_oswal_dynamic_fund_v1.pdf:		 2026-02-05 02:26:08.638715

rd_july_2023_postal_ballot_june_july_e_voting_results_and_report_v1.pdf:		 2026-02-05 02:26:32.652545

rd_july_2024_intimation_of_earnings_call_q1fy25_v1.pdf:		 2026-02-05 02:26:37.054155

rd_june_2023_intimation_of_investors_meet_with_go_india_stocks_a_promoter_v1.pdf:		 2026-02-05 02:26:41.246280

q_4_newspaperpublication_v1.pdf:		 2026-02-05 02:28:29.598195

rd_october_2023_intimation_of_investors_meet_with_vec_investment_manageme_v1.pdf:		 2026-02-05 02:28:36.398237

regarding_neft_closure_timings_27_jan_2019_v1.pdf:		 2026-02-05 02:28:39.875957

resignation_of_non_executive_independent_director_mr_prakash_iyer_30th_ju_v1.pdf:		 2026-02-05 02:29:03.294849

re_appointment_of_director_24th_march_2022_v1.pdf:		 2026-02-05 02:29:13.737742

re_appointment_of_mrs_deena_mehta_16th_march_2025_v1.pdf:		 2026-02-05 02:29:19.270638

re_appointment_of_mr_rajat_kumar_jain_part_time_chairperson_independent_d_v1.pdf:		 2026-02-05 02:30:09.231924

rd_june_2023_postal_ballotjune_july_newspaper_publication_v1.pdf:		 2026-02-05 02:31:13.611901

re_appointment_of_secretarial_auditor_1st_november_2023_v1.pdf:		 2026-02-05 02:31:31.103806

savings_account_interest_rates_v1.pdf:		 2026-02-05 02:31:51.642276

savings_account_schedule_of_charges_wef_10th_feb_2023_v1.pdf:		 2026-02-05 02:32:20.285233

savings_account_schedule_of_charges_wef_11th_july_2025_v1.pdf:		 2026-02-05 02:32:45.941484

savings_account_schedule_of_charges_wef_12th_nov_2024_v1.pdf:		 2026-02-05 02:32:53.888525

savings_account_schedule_of_charges_wef_16th_may_2025_v1.pdf:		 2026-02-05 02:33:23.338328

savings_account_schedule_of_charges_wef_17th_june_2025_v1.pdf:		 2026-02-05 02:33:36.178173

savings_account_schedule_of_charges_wef_1st_april_2024_v1.pdf:		 2026-02-05 02:33:52.953163

savings_account_schedule_of_charges_wef_1st_july_2023_v1.pdf:		 2026-02-05 02:34:10.304543

savings_account_schedule_of_charges_wef_1st_june_2024_v1.pdf:		 2026-02-05 02:34:22.761614

savings_account_schedule_of_charges_wef_1st_may_2024_v1.pdf:		 2026-02-05 02:35:02.517113

savings_account_schedule_of_charges_wef_1st_may_2025_v1.pdf:		 2026-02-05 02:35:11.228450

savings_account_schedule_of_charges_wef_1st_november_2023_v1.pdf:		 2026-02-05 02:35:27.195239

savings_account_schedule_of_charges_wef_1st_nov_2025_v1.pdf:		 2026-02-05 02:36:09.019445

savings_account_schedule_of_charges_wef_1st_sep_2024_v1.pdf:		 2026-02-05 02:36:09.759574

savings_account_schedule_of_charges_wef_7th_may_2025_v1.pdf:		 2026-02-05 02:36:47.271944

savings_account_schedule_of_charges_wef_7th_june_2025_v1.pdf:		 2026-02-05 02:36:47.283025

shareholdingpatternq3_v1.pdf:		 2026-02-05 02:37:29.859367

sharholder_pattern_q2_v1.pdf:		 2026-02-05 02:38:11.190436

statementofdeviation_q3_v1.pdf:		 2026-02-05 02:38:19.406352

statement_of_deviation_and_variation_q4_v1.pdf:		 2026-02-05 02:38:23.849888

statement_of_deviation_q1_v1.pdf:		 2026-02-05 02:38:28.518347

statement_of_deviation_q2_v1.pdf:		 2026-02-05 02:38:36.350887

statement_of_variation_and_deviation_q2_v1.pdf:		 2026-02-05 02:38:47.737054

st_august_2023_intimation_of_investors_meet_with_2nd_annual_bfsi_conferen_v1.pdf:		 2026-02-05 02:38:48.061698

st_august_2023_intimation_of_investors_meet_with_sundaram_alternate_asset_v1.pdf:		 2026-02-05 02:38:52.790883

st_august_2024_investors_meet_with_ventura_securities_limited_v1.pdf:		 2026-02-05 02:38:54.081594

st_december_2021_investec_v1.pdf:		 2026-02-05 02:38:58.485211

st_december_2023_acmiil_long_term_value_creation_conference_2023_v1.pdf:		 2026-02-05 02:39:03.532257

st_december_2023_emerging_idea_conference_2023_v1.pdf:		 2026-02-05 02:39:07.905071

st_may_2022_itus_capital_v1.pdf:		 2026-02-05 02:39:13.373146

st_november_2024_emkay_finshift_global_investors_conference_v1.pdf:		 2026-02-05 02:39:21.574342

st_february_2023_postal_ballotdec_jan_voting_results_report_v1.pdf:		 2026-02-05 02:39:24.042815

succession_planning_policy_v1.pdf:		 2026-02-05 02:39:36.681574

suvidha_account_v1.pdf:		 2026-02-05 02:39:45.726483

suvidha_savings_account_schedule_of_charges_wef_1st_feb_25_v1.pdf:		 2026-02-05 02:40:03.533839

terms_conditions_of_appointment_of_independent_director_v1.pdf:		 2026-02-05 02:40:18.193525

terms_of_reference_charter_of_board_committees_v1.pdf:		 2026-02-05 02:40:46.412803

suvidha_savings_account_schedule_of_charges_wef_1st_may_25_v1.pdf:		 2026-02-05 02:40:47.998059

th_april_2022_fidelity_international_limited_v1.pdf:		 2026-02-05 02:40:51.091134

th_april_2022_hill_fort_capital_v1.pdf:		 2026-02-05 02:40:51.930080

th_april_2022_patni_financial_advisors_ltd_v1.pdf:		 2026-02-05 02:40:55.396592

th_april_2022_tata_asset_management_pvt_ltd_v1.pdf:		 2026-02-05 02:41:19.025956

th_april_2022_postal_ballotmar_apr_e_voting_results_report_v1.pdf:		 2026-02-05 02:41:28.395735

th_april_2023_intimation_of_earnings_call_2_v1.pdf:		 2026-02-05 02:41:43.016199

th_april_2023_intimation_of_earnings_call_v1.pdf:		 2026-02-05 02:41:55.679333

th_april_2024_april_19_2024_a_intimation_of_earnings_call_v1.pdf:		 2026-02-05 02:42:00.738300

th_april_2023_postal_ballot_march_april_e_voting_results_and_report_v1.pdf:		 2026-02-05 02:42:03.788958

th_april_2024_postal_ballot_april_may_2024_notice_v1.pdf:		 2026-02-05 02:42:49.481265

th_april_2025_bajaj_finserv_asset_management_limited_v1.pdf:		 2026-02-05 02:42:53.804339

th_april_2025_intimation_of_earnings_call_q4fy25_v1.pdf:		 2026-02-05 02:42:58.484354

th_april_2024_postal_ballot_april_may_2024_newspaper_publication_v1.pdf:		 2026-02-05 02:45:43.266409

th_april_2025_postal_ballot_april_may_2025_newspaper_publication_v1.pdf:		 2026-02-05 02:46:55.629551

th_august_2022_postal_ballotjuly_aug_e_voting_results_report_v1.pdf:		 2026-02-05 02:47:20.038374

th_april_2025_postal_ballot_april_may_2025_notice_v1.pdf:		 2026-02-05 02:47:27.341102

th_august_2023_intimation_of_investors_meet_with_emkay_confluence_2023_gl_v1.pdf:		 2026-02-05 02:47:45.031592

th_august_2023_intimation_of_investors_meet_with_fidelity_mutual_funds_v1.pdf:		 2026-02-05 02:47:45.879420

th_august_2023_nippon_mutual_fund_v1.pdf:		 2026-02-05 02:47:49.884749

th_august_2023_quant_mutual_fund_v1.pdf:		 2026-02-05 02:47:51.009504

th_august_2024_abakkus_asset_manager_llp_v1.pdf:		 2026-02-05 02:47:55.265573

th_august_2024_alpha_alternatives_fund_advisors_llp_v1.pdf:		 2026-02-05 02:47:56.463239

th_august_2024_ambika_fincap_consultants_private_limited_v1.pdf:		 2026-02-05 02:47:58.805603

th_august_2024_ananta_capital_ventures_fund_v1.pdf:		 2026-02-05 02:47:59.824515

th_august_2024_ask_investment_managers_limited_v1.pdf:		 2026-02-05 02:48:00.807893

th_august_2024_emkay_confluence_indiaas_golden_decade_v1.pdf:		 2026-02-05 02:48:05.137355

th_august_2024_investors_meet_with_mk_ventures_v1.pdf:		 2026-02-05 02:48:15.248811

th_august_2024_investors_meet_with_mr_sameer_manchanda_v1.pdf:		 2026-02-05 02:48:18.263141

th_august_2024_investors_meet_with_patni_financial_advisors_v1.pdf:		 2026-02-05 02:48:20.678839

th_august_2024_philipcapital_india_pvt_ltd_v1.pdf:		 2026-02-05 02:48:22.542905

th_august_2024_motilal_oswal_dynamic_fund_v1.pdf:		 2026-02-05 02:48:23.131919

th_august_2024_tata_asset_management_private_limited_v1.pdf:		 2026-02-05 02:48:24.358570

th_august_2025_anantnath_skycon_private_limited_v1.pdf:		 2026-02-05 02:48:27.714134

th_august_2025_emkay_confluence_india_ascending_the_next_leap_v1.pdf:		 2026-02-05 02:48:28.516604

th_august_2025_latent_advisors_pms_and_dhyana_equity_llp_v1.pdf:		 2026-02-05 02:48:32.199586

th_august_2025_latent_advisors_pms_v1.pdf:		 2026-02-05 02:48:36.729566

th_december_2021_aditya_birla_sunlife_amc_v1.pdf:		 2026-02-05 02:48:44.576605

th_december_2021_clsa_india_pvt_ltd_v1.pdf:		 2026-02-05 02:48:48.855101

th_december_2021_iifl_capital_v1.pdf:		 2026-02-05 02:48:52.834160

th_december_2021_itus_capital_v1.pdf:		 2026-02-05 02:48:58.671232

th_december_2021_jm_financial_mk_ventures_v1.pdf:		 2026-02-05 02:49:04.917672

th_december_2021_intimation_of_earnings_call_v1.pdf:		 2026-02-05 02:49:06.076597

th_december_2021_rajiv_dadlani_group_v1.pdf:		 2026-02-05 02:49:08.779264

th_december_2023_envision_capital_services_private_limited_v1.pdf:		 2026-02-05 02:49:10.462597

th_december_2024_bks_indian_inc_leaders_conference_v1.pdf:		 2026-02-05 02:49:13.027657

th_december_2024_mr_ashwini_agarwal_mr_arush_manchanda_v1.pdf:		 2026-02-05 02:49:14.583102

th_december_2024_sameer_manchanda_v1.pdf:		 2026-02-05 02:49:27.805085

th_december_2024_subh_labh_research_v1.pdf:		 2026-02-05 02:49:29.544173

th_february_2024_amal_parikh_ohm_stock_broker_pvt_ltd_v1.pdf:		 2026-02-05 02:49:32.073722

th_february_2024_cancellation_of_investors_meet_amal_parikh_a_ohm_stock_b_v1.pdf:		 2026-02-05 02:49:33.344546

th_february_2024_envision_capital_services_private_limited_v1.pdf:		 2026-02-05 02:49:36.225685

th_february_2024_investec_promoter_founder_conference_2024_v1.pdf:		 2026-02-05 02:49:37.606379

th_february_2024_invision_capital_v1.pdf:		 2026-02-05 02:49:40.256045

th_february_2024_motilal_oswal_asset_management_company_limited_v1.pdf:		 2026-02-05 02:49:41.833900

th_february_2025_dam_capital_advisors_ltd_v1.pdf:		 2026-02-05 02:49:43.385229

th_february_2025_infinity_alternatives_v1.pdf:		 2026-02-05 02:49:43.643784

th_january_2022_intimation_of_earnings_call_v1.pdf:		 2026-02-05 02:49:55.521271

th_january_2022_hill_fort_capital_v1.pdf:		 2026-02-05 02:49:58.903169

th_january_2022_itus_capital_v1.pdf:		 2026-02-05 02:50:00.269953

th_january_2023_intimation_of_earnings_call_v1.pdf:		 2026-02-05 02:50:04.043314

th_january_2024_intimation_of_earnings_call_q3fy24_v1.pdf:		 2026-02-05 02:50:05.526665

th_january_2025_emkay_global_v1.pdf:		 2026-02-05 02:50:08.231942

th_january_2025_reschedule_of_investors_meet_emkay_global_v1.pdf:		 2026-02-05 02:50:12.657402

th_july_2022_intimation_of_earnings_call_v1.pdf:		 2026-02-05 02:50:17.292488

th_july_2022_postal_ballotjuly_aug_newspaper_publication_v1.pdf:		 2026-02-05 02:53:20.377094

th_july_2023_intimation_of_earnings_call_q1fy24_v1.pdf:		 2026-02-05 02:53:28.603135

th_january_2025_postal_ballot_january_february_2025_newspaper_publication_v1.pdf:		 2026-02-05 02:53:36.703965

th_june_2022_franklin_templeton_asset_mgt_v1.pdf:		 2026-02-05 02:53:40.817244

th_june_2022_kotak_mutual_fund_nippon_mutual_fund_v1.pdf:		 2026-02-05 02:53:42.242001

th_june_2022_motilal_oswal_asset_management_v1.pdf:		 2026-02-05 02:53:46.347861

th_june_2022_theleme_partners_v1.pdf:		 2026-02-05 02:54:02.592948

th_june_2023_motilal_oswal_dynamic_fund_v1.pdf:		 2026-02-05 02:54:03.231392

th_june_2024_abakkus_asset_manager_llp_v1.pdf:		 2026-02-05 02:54:07.170825

th_june_2024_alpha_alternatives_fund_advisors_llp_v1.pdf:		 2026-02-05 02:54:08.264823

th_june_2024_ambika_fincap_consultants_pvt_ltd_v1.pdf:		 2026-02-05 02:54:11.523982

th_june_2024_gia_promoters_day_v1.pdf:		 2026-02-05 02:54:13.151668

th_june_2024_investor_meet_motilal_oswal_v1.pdf:		 2026-02-05 02:54:16.033106

th_june_2024_motilal_oswal_dynamic_fund_v1.pdf:		 2026-02-05 02:54:17.856003

th_june_2024_nirmal_bang_securities_pvt_ltd_v1.pdf:		 2026-02-05 02:54:20.398662

th_june_2025_gia_promoters_conference_2025_v1.pdf:		 2026-02-05 02:54:22.343537

th_june_2025_tata_investment_corporation_limited_v1.pdf:		 2026-02-05 02:54:35.086931

th_march_2022_bnp_paribas_mutual_fund_v1.pdf:		 2026-02-05 02:54:36.968270

th_march_2022_intimation_of_earnings_call_v1.pdf:		 2026-02-05 02:54:55.338026

th_march_2022_wellington_mgt_birla_mutual_fund_bnp_paribas_asset_mgt_boi__v1.pdf:		 2026-02-05 02:54:59.785864

th_march_2023_elara_capital_fidelity_v1.pdf:		 2026-02-05 02:55:03.734369

th_march_2022_postal_ballotmar_apr_newspaper_publication_v1.pdf:		 2026-02-05 02:56:21.442993

th_march_2023_postal_ballot_march_april_2023_notice_v1.pdf:		 2026-02-05 02:57:34.107902

th_march_2024_deep_financial_consultants_pvt_ltd_v1.pdf:		 2026-02-05 02:57:39.139501

th_march_2023_postal_ballotmarch_april_newspaper_publication_v1.pdf:		 2026-02-05 02:58:39.275499

th_march_2024_postal_ballot_march_april_2024_newspaper_publication_v1.pdf:		 2026-02-05 03:01:39.811258

th_march_2024_postal_ballot_march_april_2024_notice_v1.pdf:		 2026-02-05 03:01:50.232419

th_march_2025_enam_holdings_pvt_ltd_v1.pdf:		 2026-02-05 03:01:55.584138

th_march_2025_florintree_advisors_private_limited_v1.pdf:		 2026-02-05 03:01:59.899081

th_march_2025_tata_mutual_fund_v1.pdf:		 2026-02-05 03:02:05.449345

th_march_2025_voyager_capital_v1.pdf:		 2026-02-05 03:02:08.634443

th_may_2022_goldmen_sachs_virtual_technet_conference_asia_pacific_2022_v1.pdf:		 2026-02-05 03:02:10.022203

th_may_2022_intimation_of_earnings_call_v1.pdf:		 2026-02-05 03:02:14.018763

th_may_2024_group_conference_investors_meet_v1.pdf:		 2026-02-05 03:02:18.086402

th_may_2025_abakkus_asset_managers_private_limited_v1.pdf:		 2026-02-05 03:02:32.302224

th_may_2024_postal_ballot_april_may_2024_e_voting_results_and_report_v1.pdf:		 2026-02-05 03:02:35.728787

th_may_2025_banyan_capital_advisor_v1.pdf:		 2026-02-05 03:02:36.649695

th_may_2025_cancellation_of_investor_meet_mirae_asset_investment_managers_v1.pdf:		 2026-02-05 03:02:39.342585

th_may_2025_dymon_asia_capital_singapore_pte_ltd_v1.pdf:		 2026-02-05 03:02:40.841311

th_may_2025_envision_india_fund_v1.pdf:		 2026-02-05 03:02:44.965745

th_may_2025_equirus_capital_pvt_ltd_v1.pdf:		 2026-02-05 03:02:49.038782

th_may_2025_mirae_asset_investment_managers_india_pvt_ltd_v1.pdf:		 2026-02-05 03:02:55.780184

th_may_2025_reschedule_of_investor_meet_dymon_asia_capital_singapore_pte__v1.pdf:		 2026-02-05 03:03:00.492943

th_november_0001_intimation_of_earnings_call_v1.pdf:		 2026-02-05 03:03:05.230666

th_may_2025_unifi_capital_pvt_ltd_v1.pdf:		 2026-02-05 03:03:06.059153

th_november_2021_hsbc_global_asset_mgt_kotak_securities_capital_group_v1.pdf:		 2026-02-05 03:03:10.007837

th_november_2021_intimation_of_earnings_call_v1.pdf:		 2026-02-05 03:03:12.351337

th_november_2021_steinberg_asset_management_emkay_global_financial_servic_v1.pdf:		 2026-02-05 03:03:14.905523

th_november_2022_leapfrog_investments_singapore_2_v1.pdf:		 2026-02-05 03:03:18.422060

th_november_2022_leapfrog_investments_singapore_v1.pdf:		 2026-02-05 03:03:23.161178

th_november_2022_motilal_oswal_mutual_fund_v1.pdf:		 2026-02-05 03:03:29.119028

th_november_2022_nine_rivers_capital_holdings_pvt_ltd_fractal_capital_and_v1.pdf:		 2026-02-05 03:03:32.884635

th_november_2023_ambit_capital_private_limited_v1.pdf:		 2026-02-05 03:03:37.441704

th_november_2023_intimation_of_investors_meet_with_icici_securities_india_v1.pdf:		 2026-02-05 03:03:41.858588

th_november_2024_anand_rathi_flagship_conference_g_200_summit_v1.pdf:		 2026-02-05 03:03:45.287009

th_november_2024_banyan_capital_advisors_v1.pdf:		 2026-02-05 03:03:45.533937

th_november_2024_bay_capital_investment_partners_v1.pdf:		 2026-02-05 03:03:51.066642

th_november_2024_fidelity_india_focus_fund_v1.pdf:		 2026-02-05 03:03:51.522938

th_november_2024_icici_securities_pvt_ltd_india_financials_conference_v1.pdf:		 2026-02-05 03:03:55.325448

th_november_2024_icici_ventures_v1.pdf:		 2026-02-05 03:04:00.746979

th_november_2024_kotak_mid_cap_conference_v1.pdf:		 2026-02-05 03:04:04.810562

th_november_2024_motilal_oswal_dynamic_fund_v1.pdf:		 2026-02-05 03:04:08.537174

th_november_2024_nirmal_bang_institutional_equities_annual_investor_confe_v1.pdf:		 2026-02-05 03:04:13.969434

th_november_2024_nuvama_emerging_ideas_conference_2024_v1.pdf:		 2026-02-05 03:04:18.011475

th_november_2024_spark_capital_a_midas_investment_fund_v1.pdf:		 2026-02-05 03:04:20.361666

th_november_2024_sameer_manchanda_v1.pdf:		 2026-02-05 03:04:22.262811

th_november_2025_im_nayan_m_vala_securities_pvt_ltd_v1.pdf:		 2026-02-05 03:04:24.623073

th_november_2025_infinity_alternatives_v1.pdf:		 2026-02-05 03:04:26.399680

th_october_2022_intimation_of_earnings_call_v1.pdf:		 2026-02-05 03:04:29.409236

th_october_2023_intimation_of_earnings_call_q2fy24_v1.pdf:		 2026-02-05 03:04:33.959139

th_october_2024_icici_securities_limited_v1.pdf:		 2026-02-05 03:04:39.150090

th_october_2024_intimation_of_earnings_call_q2fy25_v1.pdf:		 2026-02-05 03:04:42.504995

th_september_2022_anvil_share_stock_broking_pvt_ltd_clsa_etc_v1.pdf:		 2026-02-05 03:04:46.773611

th_september_2022_ashwamedh_elara_india_dialogue_2022_v1.pdf:		 2026-02-05 03:04:50.894002

th_september_2022_goldman_sachs_india_financials_tour_v1.pdf:		 2026-02-05 03:04:55.467311

th_september_2022_nine_rivers_capital_holdings_pvt_ltd_v1.pdf:		 2026-02-05 03:04:55.479961

th_september_2022_steinberg_india_emerging_opportunities_fund_limited_v1.pdf:		 2026-02-05 03:05:00.217406

th_september_2023_intimation_of_investors_meet_with_envision_capital_serv_v1.pdf:		 2026-02-05 03:05:01.023193

th_september_2024_bay_capital_investment_advisors_private_limited_v1.pdf:		 2026-02-05 03:05:04.478776

th_september_2024_bharat_connect_conference_rising_star_2024_arihant_capi_v1.pdf:		 2026-02-05 03:05:08.548054

th_september_2024_fidelity_india_focus_fund_v1.pdf:		 2026-02-05 03:05:12.673801

th_september_2024_florintree_advisors_private_limited_v1.pdf:		 2026-02-05 03:05:17.277080

th_september_2024_icici_securities_limited_infinity_advisors_v1.pdf:		 2026-02-05 03:05:20.537692

th_september_2024_spark_capital_midas_investment_fund_envision_india_fund_v1.pdf:		 2026-02-05 03:05:23.806104

th_september_2025_perpetuity_ventures_llp_v1.pdf:		 2026-02-05 03:05:28.278615

th_september_2024_spark_capital_midas_investment_fund_v1.pdf:		 2026-02-05 03:05:29.206412

update_on_investment_in_paysprint_private_limited_dated_october_11_2022_1_v1.pdf:		 2026-02-05 03:05:35.573625

update_on_investment_in_paysprint_pvt_ltd_20th_september_2022_v1.pdf:		 2026-02-05 03:05:42.686121

upi_cashback_upto_rs200_for_employee_jan25_v1.pdf:		 2026-02-05 03:05:47.603863

transition_to_small_finance_bank_date_28072023_28th_july_2023_v1.pdf:		 2026-02-05 03:06:15.826991

vigilance_and_whistle_blower_policy_v1.pdf:		 2026-02-05 03:06:31.734920

walkin_customers_dmt_charges_with_the_effect_from_1st_aug_24_v1.pdf:		 2026-02-05 03:06:41.540449

walkin_customers_dmt_charges_with_the_effect_from_6th_oct_25_v1.pdf:		 2026-02-05 03:06:46.017182

walkin_dmt_remitter_registration_charges_wef_15th_jan_25_v1.pdf:		 2026-02-05 03:06:46.484530

womens_savings_account_schedule_charges_wef_16th_march_2024_v1.pdf:		 2026-02-05 03:06:49.335586

withdrawal_of_nomination_from_the_position_of_part_time_chairman_20th_jun_v1.pdf:		 2026-02-05 03:06:50.593443

womens_savings_account_schedule_charges_wef_28th_june_2025_v1.pdf:		 2026-02-05 03:06:55.137941

adoption_of_fino_payments_bank_limited_employee_stock_option_plan_2023_da_v1.pdf:		 2026-02-05 12:24:06.614166

aadhar_card_linking_15_jun_2017_v1.pdf:		 2026-02-05 12:24:06.618460

agm_notice_1_v1.pdf:		 2026-02-05 12:24:07.129416

agm_notice_2_v1.pdf:		 2026-02-05 12:24:07.135356

agm_notice_3_v1.pdf:		 2026-02-05 12:24:07.677080

agm_notice_4_v1.pdf:		 2026-02-05 12:24:07.679595

agm_notice_5_v1.pdf:		 2026-02-05 12:24:08.192041

agm_notice_v1.pdf:		 2026-02-05 12:24:08.197748

agm_proceedings_and_date_september_29_2022_29th_october_2022_v1.pdf:		 2026-02-05 12:24:08.745880

agm_proceedings_dated_september_25_2023_25th_september_2023_v1.pdf:		 2026-02-05 12:24:08.769133

agm_proceedings_dated_september_25_2024_25th_september_2024_v1.pdf:		 2026-02-05 12:24:09.274926

agm_transcript_dated_september_30_2022_30th_september_2022_v1.pdf:		 2026-02-05 12:24:09.288486

agm_voting_results_and_scrutinizer_report_dated_september_26_2023_27th_se_v1.pdf:		 2026-02-05 12:24:09.814103

agm_voting_results_and_scrutinizer_report_date_september_30_2022_22nd_oct_v1.pdf:		 2026-02-05 12:24:09.863253

agm_voting_results_scrutinizer_report_dated_september_25_2024_25th_septem_v1.pdf:		 2026-02-05 12:24:10.322579

allotment_of_esop_march_2025_4th_march_2025_v1.pdf:		 2026-02-05 12:24:10.374391

amendment_of_articles_of_association_2nd_february_2023_v1.pdf:		 2026-02-05 12:24:10.829605

annual_return_mgt_7_1_v1.pdf:		 2026-02-05 12:24:10.896050

annual_return_mgt_7_2_v1.pdf:		 2026-02-05 12:24:11.344591

annual_return_mgt_7_4_v1.pdf:		 2026-02-05 12:24:11.480133

annual_return_mgt_7_v1.pdf:		 2026-02-05 12:24:11.886909

annual_secretarial_compliance_report_1_v1.pdf:		 2026-02-05 12:24:12.023465

annual_secretarial_compliance_report_2_v1.pdf:		 2026-02-05 12:24:12.431979

annual_secretarial_compliance_report_3_v1.pdf:		 2026-02-05 12:24:12.535200

annual_secretarial_compliance_report_v1.pdf:		 2026-02-05 12:24:12.949227

appointment_of_chairman_mr_rajat_kumar_jain_11th_august_2023_v1.pdf:		 2026-02-05 12:24:13.070203

appointment_of_chairperson_2nd_november_2022_v1.pdf:		 2026-02-05 12:24:13.492842

appointment_of_chairperson_3rd_september_2022_v1.pdf:		 2026-02-05 12:24:13.593672

appointment_of_director_27th_july_2022_v1.pdf:		 2026-02-05 12:24:14.021404

appointment_of_director_2nd_june_2022_v1.pdf:		 2026-02-05 12:24:14.143450

appointment_of_mrs_anita_sudhir_pai_non_executive_independent_director_11_v1.pdf:		 2026-02-05 12:24:14.699569

appointment_of_mrs_neeta_mukerji_non_executive_independent_director_5th_m_v1.pdf:		 2026-02-05 12:24:15.257323

appointment_of_mr_basavraj_loni_as_company_secretary_compliance_officer_2_v1.pdf:		 2026-02-05 12:24:15.792420

appointment_of_mr_pankaj_kumar_non_executive_nominee_director_12th_april__v1.pdf:		 2026-02-05 12:24:16.341884

appointment_of_nominee_director_31st_october_2022_v1.pdf:		 2026-02-05 12:24:16.851002

appointment_of_secretarial_auditor_30th_july_2025_v1.pdf:		 2026-02-05 12:24:17.392375

appointment_of_md_ceo_27th_july_2022_v1.pdf:		 2026-02-05 12:24:36.793940

appointment_of_statutory_central_auditor_2nd_may_2023_v1.pdf:		 2026-02-05 12:24:37.456221

appointment_of_statutory_central_auditor_27th_july_2022_v1.pdf:		 2026-02-05 12:24:43.992796

approval_of_rbi_for_appointment_of_mr_rajat_kumar_jain_as_part_time_chair_v1.pdf:		 2026-02-05 12:24:44.541204

approval_of_rbi_reappointment_of_mr_rajat_kumar_jain_part_time_chairperso_v1.pdf:		 2026-02-05 12:24:45.088266

approval_of_reserve_bank_of_india_rbi_for_re_appointment_of_ms_a_p_sanzgi_v1.pdf:		 2026-02-05 12:24:45.667492

april_19_2024_intimation_of_earnings_call_19th_april_2024_v1.pdf:		 2026-02-05 12:24:46.241547

archival_policy_v1.pdf:		 2026-02-05 12:24:46.758066

articles_of_association_v1.pdf:		 2026-02-05 12:24:47.267985

availability_of_nomination_15_jun_2017_v1.pdf:		 2026-02-05 12:24:47.803208

board_meeting_intimation_q1_fy24_19th_july_2023_v1.pdf:		 2026-02-05 12:24:48.347115

board_meeting_notice_q2_v1.pdf:		 2026-02-05 12:24:48.859634

board_meeting_notice_q3_v1.pdf:		 2026-02-05 12:24:49.402514

board_meeting_notice_q4_v1.pdf:		 2026-02-05 12:24:49.921135

board_meeting_q1_v1.pdf:		 2026-02-05 12:24:50.425700

board_meeting_q2_v1.pdf:		 2026-02-05 12:24:50.954656

board_meeting_q2_v1_001.pdf:		 2026-02-05 12:24:51.515112

board_meeting_q3_v1.pdf:		 2026-02-05 12:24:52.079925

board_meeting_q4_v1.pdf:		 2026-02-05 12:24:52.651945

cessation_of_directors_05_05_2022_v1.pdf:		 2026-02-05 12:24:53.201191

cessation_of_mr_avijit_saha_non_executive_nominee_director_2nd_march_2023_v1.pdf:		 2026-02-05 12:24:53.734732

cessation_of_mr_suresh_kumar_jain_non_executive_independent_director_15th_v1.pdf:		 2026-02-05 12:24:54.346676

cessation_of_nominee_director_2nd_november_2022_v1.pdf:		 2026-02-05 12:25:08.704816

change_in_management_31st_may_2024_v1.pdf:		 2026-02-05 12:25:09.248614

appointment_of_statutory_central_auditor_30th_july_2025_v1.pdf:		 2026-02-05 12:25:50.323152

change_in_management_appointment_of_ms_manjiri_barve_head_hr_csr_29th_jan_v1.pdf:		 2026-02-05 12:25:51.104790

change_in_senior_management_person_30th_december_2024_v1.pdf:		 2026-02-05 12:25:51.672468

clarification_on_media_release_v1.pdf:		 2026-02-05 12:25:52.227044

clarification_on_spurt_in_volume_23rd_november_2022_v1.pdf:		 2026-02-05 12:25:52.871165

closure_of_window_trading_for_the_quarter_ending_december_31_2024_24th_de_v1.pdf:		 2026-02-05 12:25:53.389357

code_of_banks_commitment_to_customers_29_oct_2025_v1.pdf:		 2026-02-05 12:25:53.935171

code_of_conduct_for_members_of_the_board_and_senior_management_v1.pdf:		 2026-02-05 12:25:54.465500

code_of_conduct_to_regulate_monitor_and_report_trading_by_insiders_v1.pdf:		 2026-02-05 12:25:55.533402

code_of_practices_and_procedures_and_procedures_for_fair_disclosure_of_up_v1.pdf:		 2026-02-05 12:25:56.282261

companies_act_compliance_18_nov_2019_v1.pdf:		 2026-02-05 12:25:56.823986

compensation_policy_v1.pdf:		 2026-02-05 12:25:57.339015

compliance_of_companies_act_2013_18_nov_2019_v1.pdf:		 2026-02-05 12:25:57.882060

corporategovernanceq3_v1.pdf:		 2026-02-05 12:25:58.405415

cover_outcome_oct_17_2025_v1.pdf:		 2026-02-05 12:25:58.930849

cover_ptc_rbi_appointment_v1.pdf:		 2026-02-05 12:26:33.722361

cover_settlement_order_v1.pdf:		 2026-02-05 12:26:34.730810

csr_2022_2023_v1.pdf:		 2026-02-05 12:26:35.386605

csr_policy_v1.pdf:		 2026-02-05 12:26:36.098769

csr_projects_fy_2023_24_v1.pdf:		 2026-02-05 12:26:36.687045

current_account_schedule_of_charges_wef_12th_jan_2024_v1.pdf:		 2026-02-05 12:26:37.247261

current_account_schedule_of_charges_wef_13th_may_2025_v1.pdf:		 2026-02-05 12:26:38.030467

current_account_schedule_of_charges_wef_16th_may_2025_v1.pdf:		 2026-02-05 12:26:38.606199

current_account_schedule_of_charges_wef_17th_june_2025_v1.pdf:		 2026-02-05 12:26:39.271621

current_account_schedule_of_charges_wef_1st_may_2024_v1.pdf:		 2026-02-05 12:26:39.904227

current_account_schedule_of_charges_wef_1st_may_2025_v1.pdf:		 2026-02-05 12:26:40.474330

current_account_schedule_of_charges_wef_1st_nov_2025_v1.pdf:		 2026-02-05 12:26:41.255163

current_account_schedule_of_charges_wef_7th_june_2025_v1.pdf:		 2026-02-05 12:26:41.985585

current_account_schedule_of_charges_wef_7th_may_2025_v1.pdf:		 2026-02-05 12:26:42.607725

customer_grievance_policy_29_oct_2025_v1.pdf:		 2026-02-05 12:26:43.229607

customer_service_policy_29_oct_2025_v1.pdf:		 2026-02-05 12:26:45.005584

customer_suitability_and_appropriateness_29_oct_2025_v1.pdf:		 2026-02-05 12:26:45.591066

change_in_management_appointment_of_chief_compliance_officer_date_2807202_v1.pdf:		 2026-02-05 12:27:14.231375

dicgc_from_website_26_apr_2019_v1.pdf:		 2026-02-05 12:27:15.601489

disclosure_of_misappropriation_of_funds_cheating_and_forgery_20th_septemb_v1.pdf:		 2026-02-05 12:27:16.138150

disclosure_of_misappropriation_of_funds_cheating_and_forgery_vide_our_let_v1.pdf:		 2026-02-05 12:27:16.681580

disclosure_under_regulation_30_and_30a_read_with_clause_5a_to_para_a_of_part_a_of_schedule_iii_of_sebi_lodr_regulations_2015_14th_august_2023_v1_001.pdf:		 2026-02-05 12:27:17.208592

disclosure_under_regulation_30_and_30a_read_with_clause_5a_to_para_a_of_part_a_of_schedule_iii_of_sebi_lodr_regulations_2015_20th_march_2025_v1_001.pdf:		 2026-02-05 12:27:17.727155

disclosure_under_regulation_30_and_30a_read_with_clause_5a_to_para_a_of_p_v1.pdf:		 2026-02-05 12:27:36.277696

disclosure_under_regulation_30_of_the_securities_and_exchange_board_of_in_v1.pdf:		 2026-02-05 12:27:36.816732

dividend_distribution_policy_v1.pdf:		 2026-02-05 12:27:37.343499

do_not_pay_money_to_receive_large_funds_from_abroad_rbi_advisory_15_jun_2_v1.pdf:		 2026-02-05 12:27:37.881118

earnings_call_audio_link_q2fy24_2nd_november_2023_v1.pdf:		 2026-02-05 12:27:38.383803

earnings_call_transcript_q4_v1.pdf:		 2026-02-05 12:27:38.887249

employee_benefit_scheme_document_v1.pdf:		 2026-02-05 12:27:39.401322

esop_disclosure_as_per_sebi_sbeb_se_regulations_v1.pdf:		 2026-02-05 12:27:39.919443

familiarization_programmes_independent_director_fy2022_23_v1.pdf:		 2026-02-05 12:27:42.190895

familiarization_programmes_independent_director_fy2023_24_v1.pdf:		 2026-02-05 12:27:42.706553

familiarization_programmes_independent_director_fy2024_25_v1.pdf:		 2026-02-05 12:27:43.203465

fastag_v1.pdf:		 2026-02-05 12:27:43.702908

evaluation_of_proposal_for_group_corporate_restructuring_date_28072023_28_v1.pdf:		 2026-02-05 12:29:04.876899

financialresultsq1fy24_v1.pdf:		 2026-02-05 12:29:11.281245

financialresults_q1_v1.pdf:		 2026-02-05 12:29:21.840159

financialresults_q3_v1.pdf:		 2026-02-05 12:29:52.644818

financial_results_q2_v1.pdf:		 2026-02-05 12:29:53.311232

financialresults_q4_v1.pdf:		 2026-02-05 12:30:50.537468

financial_results_q2_v1_002.pdf:		 2026-02-05 12:30:51.682398

financial_results_q3_v1.pdf:		 2026-02-05 12:30:52.400968

financial_results_q4_v1.pdf:		 2026-02-05 12:30:53.190660

financial_results_q2_v1_001.pdf:		 2026-02-05 12:31:35.438513

financial_year_2021_v1.pdf:		 2026-02-05 12:31:51.605581

financial_year_2022_v1.pdf:		 2026-02-05 12:31:52.142597

financial_year_2023_v1.pdf:		 2026-02-05 12:31:52.719210

finopay_savings_account_schedule_of_charges_wef_1st_september_2024_v1.pdf:		 2026-02-05 12:31:54.070788

finopay_savings_account_schedule_of_charges_wef_28th_june_2025_v1.pdf:		 2026-02-05 12:31:54.571361

finopay_savings_account_schedule_of_charges_wef_2nd_november_2023_v1.pdf:		 2026-02-05 12:31:55.071151

finopay_savings_account_schedule_of_charges_wef_7th_may_2025_v1.pdf:		 2026-02-05 12:31:55.566545

fino_payments_bank_limited_esg_rating_2025_16th_september_2025_v1.pdf:		 2026-02-05 12:31:56.073322

fino_payments_bank_official_digital_payments_partner_of_the_rajasthan_roy_v1.pdf:		 2026-02-05 12:31:56.570976

fino_payments_bank_renewal_of_association_with_its_official_digital_payme_v1.pdf:		 2026-02-05 12:31:57.069172

fino_payments_bank_to_make_an_investment_v1.pdf:		 2026-02-05 12:31:57.569774

grant_of_license_25th_march_2022_v1.pdf:		 2026-02-05 12:31:58.066796

grant_of_options_under_esop_2020_20th_august_2025_v1.pdf:		 2026-02-05 12:31:58.567388

grant_of_stock_options_under_fino_payments_bank_limited_employee_stock_op_v1.pdf:		 2026-02-05 12:31:59.068389

im_bandhan_amc_v1.pdf:		 2026-02-05 12:31:59.580058

im_mkventures_signed_v1.pdf:		 2026-02-05 12:32:00.091992

im_visaria_v1.pdf:		 2026-02-05 12:32:00.600547

integrated_financial_results_29th_january_2025_v1.pdf:		 2026-02-05 12:33:42.111085

